<?xml version="1.0" encoding="UTF-8"?>
<!-- Generated by org.testng.reporters.JUnitReportReporter -->
<testsuite skipped="0" hostname="DESKTOP-IQM52SA" name="Testcases.LoginPageTest" tests="2" failures="0" timestamp="22 Mar 2021 08:14:20 GMT" time="20.899" errors="0">
  <testcase name="LoginTest" time="11.006" classname="Testcases.LoginPageTest"/>
  <testcase name="LoginTestTitleTest" time="9.893" classname="Testcases.LoginPageTest"/>
</testsuite> <!-- Testcases.LoginPageTest -->
